生成启动时间为 2017/8/24 21:58:17。
     1>项目“C:\Users\Administrator\Desktop\201707PrepareForInterview\C++\C++\List\List\List.vcxproj”在节点 2 上(build 个目标)。
     1>InitializeBuildStatus:
         正在创建“Debug\List.unsuccessfulbuild”，因为已指定“AlwaysCreate”。
       ClCompile:
         C:\Program Files (x86)\Microsoft Visual Studio 10.0\VC\bin\CL.exe /c /I"C:\Program Files\MATLAB\R2012a\extern\include" /ZI /nologo /W3 /WX- /Od /Oy- /D _MBCS /Gm /EHsc /RTC1 /MDd /GS /fp:precise /Zc:wchar_t /Zc:forScope /Fo"Debug\\" /Fd"Debug\vc100.pdb" /Gd /TP /analyze- /errorReport:prompt demo.cpp
         demo.cpp
       Link:
         C:\Program Files (x86)\Microsoft Visual Studio 10.0\VC\bin\link.exe /ERRORREPORT:PROMPT /OUT:"C:\Users\Administrator\Desktop\201707PrepareForInterview\C++\C++\List\Debug\List.exe" /NOLOGO /LIBPATH:"C:\Program Files\MATLAB\R2012a\extern\lib\win64" /MANIFEST /ManifestFile:"Debug\List.exe.intermediate.manifest" /MANIFESTUAC:"level='asInvoker' uiAccess='false'" /DEBUG /PDB:"C:\Users\Administrator\Desktop\201707PrepareForInterview\C++\C++\List\Debug\List.pdb" /TLBID:1 /DYNAMICBASE /NXCOMPAT /IMPLIB:"C:\Users\Administrator\Desktop\201707PrepareForInterview\C++\C++\List\Debug\List.lib" /MACHINE:X86 Debug\demo.obj
         Debug\List.obj
         LINK : 没有找到 C:\Users\Administrator\Desktop\201707PrepareForInterview\C++\C++\List\Debug\List.exe 或上一个增量链接没有生成它；正在执行完全链接
         List.vcxproj -> C:\Users\Administrator\Desktop\201707PrepareForInterview\C++\C++\List\Debug\List.exe
       Manifest:
         C:\Program Files (x86)\Microsoft SDKs\Windows\v7.0A\bin\mt.exe /nologo /verbose /outputresource:"C:\Users\Administrator\Desktop\201707PrepareForInterview\C++\C++\List\Debug\List.exe;#1" /manifest Debug\List.exe.intermediate.manifest
       FinalizeBuildStatus:
         正在删除文件“Debug\List.unsuccessfulbuild”。
         正在对“Debug\List.lastbuildstate”执行 Touch 任务。
     1>已完成生成项目“C:\Users\Administrator\Desktop\201707PrepareForInterview\C++\C++\List\List\List.vcxproj”(build 个目标)的操作。

生成成功。

已用时间 00:00:01.07
